<?xml version="1.0" encoding="UTF-8"?>
<!-- Generated by org.testng.reporters.JUnitXMLReporter -->
<testsuite hostname="SRIKANTH-LAPTOP" name="Default test" tests="3" failures="0" timestamp="16 May 2018 15:12:50 GMT" time="28.104" errors="0">
  <testcase name="f" time="1.262" classname="com.CHAPTER1.LoginTest"/>
  <testcase name="f" time="0.621" classname="com.CHAPTER1.BingTest"/>
  <testcase name="f" time="8.582" classname="Understanding.Understanding_Me"/>
</testsuite> <!-- Default test -->
